[2026-07-20 14:18:03,923] [INFO] [comm.py:637:init_distributed] cdb=None
[rank5]: Traceback (most recent call last):
[rank5]:   File "/home/wuwenxuan03/UNO/train.py", line 515, in <module>
[rank5]:     main(*args_tuple)
[rank5]:   File "/home/wuwenxuan03/UNO/train.py", line 350, in main
[rank5]:     dit, optimizer, lr_scheduler = accelerator.prepare(dit, optimizer, lr_scheduler) 
[rank5]:                                    ^^^^^^^^^^^^^^^^^^^^^^^^^^^^^^^^^^^^^^^^^^^^^^^^^
[rank5]:   File "/home/wuwenxuan03/UNO/.venv-uno/lib/python3.12/site-packages/accelerate/accelerator.py", line 1323, in prepare
[rank5]:     result = self._prepare_deepspeed(*args)
[rank5]:              ^^^^^^^^^^^^^^^^^^^^^^^^^^^^^^
[rank5]:   File "/home/wuwenxuan03/UNO/.venv-uno/lib/python3.12/site-packages/accelerate/accelerator.py", line 1842, in _prepare_deepspeed
[rank5]:     engine, optimizer, _, lr_scheduler = ds_initialize(**kwargs)
[rank5]:                                          ^^^^^^^^^^^^^^^^^^^^^^^
[rank5]:   File "/home/wuwenxuan03/UNO/.venv-uno/lib/python3.12/site-packages/deepspeed/__init__.py", line 181, in initialize
[rank5]:     engine = DeepSpeedEngine(args=args,
[rank5]:              ^^^^^^^^^^^^^^^^^^^^^^^^^^
[rank5]:   File "/home/wuwenxuan03/UNO/.venv-uno/lib/python3.12/site-packages/deepspeed/runtime/engine.py", line 262, in __init__
[rank5]:     self._configure_distributed_model(model)
[rank5]:   File "/home/wuwenxuan03/UNO/.venv-uno/lib/python3.12/site-packages/deepspeed/runtime/engine.py", line 1103, in _configure_distributed_model
[rank5]:     self.module.to(self.device)
[rank5]:   File "/home/wuwenxuan03/UNO/.venv-uno/lib/python3.12/site-packages/torch/nn/modules/module.py", line 1174, in to
[rank5]:     return self._apply(convert)
[rank5]:            ^^^^^^^^^^^^^^^^^^^^
[rank5]:   File "/home/wuwenxuan03/UNO/.venv-uno/lib/python3.12/site-packages/torch/nn/modules/module.py", line 780, in _apply
[rank5]:     module._apply(fn)
[rank5]:   File "/home/wuwenxuan03/UNO/.venv-uno/lib/python3.12/site-packages/torch/nn/modules/module.py", line 780, in _apply
[rank5]:     module._apply(fn)
[rank5]:   File "/home/wuwenxuan03/UNO/.venv-uno/lib/python3.12/site-packages/torch/nn/modules/module.py", line 780, in _apply
[rank5]:     module._apply(fn)
[rank5]:   [Previous line repeated 1 more time]
[rank5]:   File "/home/wuwenxuan03/UNO/.venv-uno/lib/python3.12/site-packages/torch/nn/modules/module.py", line 805, in _apply
[rank5]:     param_applied = fn(param)
[rank5]:                     ^^^^^^^^^
[rank5]:   File "/home/wuwenxuan03/UNO/.venv-uno/lib/python3.12/site-packages/torch/nn/modules/module.py", line 1160, in convert
[rank5]:     return t.to(
[rank5]:            ^^^^^
[rank5]: torch.OutOfMemoryError: CUDA out of memory. Tried to allocate 72.00 MiB. GPU 5 has a total capacity of 23.65 GiB of which 20.06 MiB is free. Process 89562 has 23.62 GiB memory in use. Of the allocated memory 23.16 GiB is allocated by PyTorch, and 22.88 MiB is reserved by PyTorch but unallocated. If reserved but unallocated memory is large try setting PYTORCH_CUDA_ALLOC_CONF=expandable_segments:True to avoid fragmentation.  See documentation for Memory Management  (https://pytorch.org/docs/stable/notes/cuda.html#environment-variables)
[rank6]: Traceback (most recent call last):
[rank6]:   File "/home/wuwenxuan03/UNO/train.py", line 515, in <module>
[rank6]:     main(*args_tuple)
[rank6]:   File "/home/wuwenxuan03/UNO/train.py", line 350, in main
[rank6]:     dit, optimizer, lr_scheduler = accelerator.prepare(dit, optimizer, lr_scheduler) 
[rank6]:                                    ^^^^^^^^^^^^^^^^^^^^^^^^^^^^^^^^^^^^^^^^^^^^^^^^^
[rank6]:   File "/home/wuwenxuan03/UNO/.venv-uno/lib/python3.12/site-packages/accelerate/accelerator.py", line 1323, in prepare
[rank6]:     result = self._prepare_deepspeed(*args)
[rank6]:              ^^^^^^^^^^^^^^^^^^^^^^^^^^^^^^
[rank6]:   File "/home/wuwenxuan03/UNO/.venv-uno/lib/python3.12/site-packages/accelerate/accelerator.py", line 1842, in _prepare_deepspeed
[rank6]:     engine, optimizer, _, lr_scheduler = ds_initialize(**kwargs)
[rank6]:                                          ^^^^^^^^^^^^^^^^^^^^^^^
[rank6]:   File "/home/wuwenxuan03/UNO/.venv-uno/lib/python3.12/site-packages/deepspeed/__init__.py", line 181, in initialize
[rank6]:     engine = DeepSpeedEngine(args=args,
[rank6]:              ^^^^^^^^^^^^^^^^^^^^^^^^^^
[rank6]:   File "/home/wuwenxuan03/UNO/.venv-uno/lib/python3.12/site-packages/deepspeed/runtime/engine.py", line 262, in __init__
[rank6]:     self._configure_distributed_model(model)
[rank6]:   File "/home/wuwenxuan03/UNO/.venv-uno/lib/python3.12/site-packages/deepspeed/runtime/engine.py", line 1103, in _configure_distributed_model
[rank6]:     self.module.to(self.device)
[rank6]:   File "/home/wuwenxuan03/UNO/.venv-uno/lib/python3.12/site-packages/torch/nn/modules/module.py", line 1174, in to
[rank6]:     return self._apply(convert)
[rank6]:            ^^^^^^^^^^^^^^^^^^^^
[rank6]:   File "/home/wuwenxuan03/UNO/.venv-uno/lib/python3.12/site-packages/torch/nn/modules/module.py", line 780, in _apply
[rank6]:     module._apply(fn)
[rank6]:   File "/home/wuwenxuan03/UNO/.venv-uno/lib/python3.12/site-packages/torch/nn/modules/module.py", line 780, in _apply
[rank6]:     module._apply(fn)
[rank6]:   File "/home/wuwenxuan03/UNO/.venv-uno/lib/python3.12/site-packages/torch/nn/modules/module.py", line 780, in _apply
[rank6]:     module._apply(fn)
[rank6]:   [Previous line repeated 1 more time]
[rank6]:   File "/home/wuwenxuan03/UNO/.venv-uno/lib/python3.12/site-packages/torch/nn/modules/module.py", line 805, in _apply
[rank6]:     param_applied = fn(param)
[rank6]:                     ^^^^^^^^^
[rank6]:   File "/home/wuwenxuan03/UNO/.venv-uno/lib/python3.12/site-packages/torch/nn/modules/module.py", line 1160, in convert
[rank6]:     return t.to(
[rank6]:            ^^^^^
[rank6]: torch.OutOfMemoryError: CUDA out of memory. Tried to allocate 72.00 MiB. GPU 6 has a total capacity of 23.65 GiB of which 20.06 MiB is free. Process 89563 has 23.62 GiB memory in use. Of the allocated memory 23.16 GiB is allocated by PyTorch, and 22.88 MiB is reserved by PyTorch but unallocated. If reserved but unallocated memory is large try setting PYTORCH_CUDA_ALLOC_CONF=expandable_segments:True to avoid fragmentation.  See documentation for Memory Management  (https://pytorch.org/docs/stable/notes/cuda.html#environment-variables)
[rank0]: Traceback (most recent call last):
[rank0]:   File "/home/wuwenxuan03/UNO/train.py", line 515, in <module>
[rank0]:     main(*args_tuple)
[rank0]:   File "/home/wuwenxuan03/UNO/train.py", line 350, in main
[rank0]:     dit, optimizer, lr_scheduler = accelerator.prepare(dit, optimizer, lr_scheduler) 
[rank0]:                                    ^^^^^^^^^^^^^^^^^^^^^^^^^^^^^^^^^^^^^^^^^^^^^^^^^
[rank0]:   File "/home/wuwenxuan03/UNO/.venv-uno/lib/python3.12/site-packages/accelerate/accelerator.py", line 1323, in prepare
[rank0]:     result = self._prepare_deepspeed(*args)
[rank0]:              ^^^^^^^^^^^^^^^^^^^^^^^^^^^^^^
[rank0]:   File "/home/wuwenxuan03/UNO/.venv-uno/lib/python3.12/site-packages/accelerate/accelerator.py", line 1842, in _prepare_deepspeed
[rank0]:     engine, optimizer, _, lr_scheduler = ds_initialize(**kwargs)
[rank0]:                                          ^^^^^^^^^^^^^^^^^^^^^^^
[rank0]:   File "/home/wuwenxuan03/UNO/.venv-uno/lib/python3.12/site-packages/deepspeed/__init__.py", line 181, in initialize
[rank0]:     engine = DeepSpeedEngine(args=args,
[rank0]:              ^^^^^^^^^^^^^^^^^^^^^^^^^^
[rank0]:   File "/home/wuwenxuan03/UNO/.venv-uno/lib/python3.12/site-packages/deepspeed/runtime/engine.py", line 262, in __init__
[rank0]:     self._configure_distributed_model(model)
[rank0]:   File "/home/wuwenxuan03/UNO/.venv-uno/lib/python3.12/site-packages/deepspeed/runtime/engine.py", line 1103, in _configure_distributed_model
[rank0]:     self.module.to(self.device)
[rank0]:   File "/home/wuwenxuan03/UNO/.venv-uno/lib/python3.12/site-packages/torch/nn/modules/module.py", line 1174, in to
[rank0]:     return self._apply(convert)
[rank0]:            ^^^^^^^^^^^^^^^^^^^^
[rank0]:   File "/home/wuwenxuan03/UNO/.venv-uno/lib/python3.12/site-packages/torch/nn/modules/module.py", line 780, in _apply
[rank0]:     module._apply(fn)
[rank0]:   File "/home/wuwenxuan03/UNO/.venv-uno/lib/python3.12/site-packages/torch/nn/modules/module.py", line 780, in _apply
[rank0]:     module._apply(fn)
[rank0]:   File "/home/wuwenxuan03/UNO/.venv-uno/lib/python3.12/site-packages/torch/nn/modules/module.py", line 780, in _apply
[rank0]:     module._apply(fn)
[rank0]:   [Previous line repeated 1 more time]
[rank0]:   File "/home/wuwenxuan03/UNO/.venv-uno/lib/python3.12/site-packages/torch/nn/modules/module.py", line 805, in _apply
[rank0]:     param_applied = fn(param)
[rank0]:                     ^^^^^^^^^
[rank0]:   File "/home/wuwenxuan03/UNO/.venv-uno/lib/python3.12/site-packages/torch/nn/modules/module.py", line 1160, in convert
[rank0]:     return t.to(
[rank0]:            ^^^^^
[rank0]: torch.OutOfMemoryError: CUDA out of memory. Tried to allocate 72.00 MiB. GPU 0 has a total capacity of 23.65 GiB of which 20.06 MiB is free. Process 89557 has 23.62 GiB memory in use. Of the allocated memory 23.16 GiB is allocated by PyTorch, and 22.88 MiB is reserved by PyTorch but unallocated. If reserved but unallocated memory is large try setting PYTORCH_CUDA_ALLOC_CONF=expandable_segments:True to avoid fragmentation.  See documentation for Memory Management  (https://pytorch.org/docs/stable/notes/cuda.html#environment-variables)
[rank4]: Traceback (most recent call last):
[rank4]:   File "/home/wuwenxuan03/UNO/train.py", line 515, in <module>
[rank4]:     main(*args_tuple)
[rank4]:   File "/home/wuwenxuan03/UNO/train.py", line 350, in main
[rank4]:     dit, optimizer, lr_scheduler = accelerator.prepare(dit, optimizer, lr_scheduler) 
[rank4]:                                    ^^^^^^^^^^^^^^^^^^^^^^^^^^^^^^^^^^^^^^^^^^^^^^^^^
[rank4]:   File "/home/wuwenxuan03/UNO/.venv-uno/lib/python3.12/site-packages/accelerate/accelerator.py", line 1323, in prepare
[rank4]:     result = self._prepare_deepspeed(*args)
[rank4]:              ^^^^^^^^^^^^^^^^^^^^^^^^^^^^^^
[rank4]:   File "/home/wuwenxuan03/UNO/.venv-uno/lib/python3.12/site-packages/accelerate/accelerator.py", line 1842, in _prepare_deepspeed
[rank4]:     engine, optimizer, _, lr_scheduler = ds_initialize(**kwargs)
[rank4]:                                          ^^^^^^^^^^^^^^^^^^^^^^^
[rank4]:   File "/home/wuwenxuan03/UNO/.venv-uno/lib/python3.12/site-packages/deepspeed/__init__.py", line 181, in initialize
[rank4]:     engine = DeepSpeedEngine(args=args,
[rank4]:              ^^^^^^^^^^^^^^^^^^^^^^^^^^
[rank4]:   File "/home/wuwenxuan03/UNO/.venv-uno/lib/python3.12/site-packages/deepspeed/runtime/engine.py", line 262, in __init__
[rank4]:     self._configure_distributed_model(model)
[rank4]:   File "/home/wuwenxuan03/UNO/.venv-uno/lib/python3.12/site-packages/deepspeed/runtime/engine.py", line 1103, in _configure_distributed_model
[rank4]:     self.module.to(self.device)
[rank4]:   File "/home/wuwenxuan03/UNO/.venv-uno/lib/python3.12/site-packages/torch/nn/modules/module.py", line 1174, in to
[rank4]:     return self._apply(convert)
[rank4]:            ^^^^^^^^^^^^^^^^^^^^
[rank4]:   File "/home/wuwenxuan03/UNO/.venv-uno/lib/python3.12/site-packages/torch/nn/modules/module.py", line 780, in _apply
[rank4]:     module._apply(fn)
[rank4]:   File "/home/wuwenxuan03/UNO/.venv-uno/lib/python3.12/site-packages/torch/nn/modules/module.py", line 780, in _apply
[rank4]:     module._apply(fn)
[rank4]:   File "/home/wuwenxuan03/UNO/.venv-uno/lib/python3.12/site-packages/torch/nn/modules/module.py", line 780, in _apply
[rank4]:     module._apply(fn)
[rank4]:   [Previous line repeated 1 more time]
[rank4]:   File "/home/wuwenxuan03/UNO/.venv-uno/lib/python3.12/site-packages/torch/nn/modules/module.py", line 805, in _apply
[rank4]:     param_applied = fn(param)
[rank4]:                     ^^^^^^^^^
[rank4]:   File "/home/wuwenxuan03/UNO/.venv-uno/lib/python3.12/site-packages/torch/nn/modules/module.py", line 1160, in convert
[rank4]:     return t.to(
[rank4]:            ^^^^^
[rank4]: torch.OutOfMemoryError: CUDA out of memory. Tried to allocate 72.00 MiB. GPU 4 has a total capacity of 23.65 GiB of which 20.06 MiB is free. Process 89561 has 23.62 GiB memory in use. Of the allocated memory 23.16 GiB is allocated by PyTorch, and 22.88 MiB is reserved by PyTorch but unallocated. If reserved but unallocated memory is large try setting PYTORCH_CUDA_ALLOC_CONF=expandable_segments:True to avoid fragmentation.  See documentation for Memory Management  (https://pytorch.org/docs/stable/notes/cuda.html#environment-variables)
[rank7]: Traceback (most recent call last):
[rank7]:   File "/home/wuwenxuan03/UNO/train.py", line 515, in <module>
[rank7]:     main(*args_tuple)
[rank7]:   File "/home/wuwenxuan03/UNO/train.py", line 350, in main
[rank7]:     dit, optimizer, lr_scheduler = accelerator.prepare(dit, optimizer, lr_scheduler) 
[rank7]:                                    ^^^^^^^^^^^^^^^^^^^^^^^^^^^^^^^^^^^^^^^^^^^^^^^^^
[rank7]:   File "/home/wuwenxuan03/UNO/.venv-uno/lib/python3.12/site-packages/accelerate/accelerator.py", line 1323, in prepare
[rank7]:     result = self._prepare_deepspeed(*args)
[rank7]:              ^^^^^^^^^^^^^^^^^^^^^^^^^^^^^^
[rank7]:   File "/home/wuwenxuan03/UNO/.venv-uno/lib/python3.12/site-packages/accelerate/accelerator.py", line 1842, in _prepare_deepspeed
[rank7]:     engine, optimizer, _, lr_scheduler = ds_initialize(**kwargs)
[rank7]:                                          ^^^^^^^^^^^^^^^^^^^^^^^
[rank7]:   File "/home/wuwenxuan03/UNO/.venv-uno/lib/python3.12/site-packages/deepspeed/__init__.py", line 181, in initialize
[rank7]:     engine = DeepSpeedEngine(args=args,
[rank7]:              ^^^^^^^^^^^^^^^^^^^^^^^^^^
[rank7]:   File "/home/wuwenxuan03/UNO/.venv-uno/lib/python3.12/site-packages/deepspeed/runtime/engine.py", line 262, in __init__
[rank7]:     self._configure_distributed_model(model)
[rank7]:   File "/home/wuwenxuan03/UNO/.venv-uno/lib/python3.12/site-packages/deepspeed/runtime/engine.py", line 1103, in _configure_distributed_model
[rank7]:     self.module.to(self.device)
[rank7]:   File "/home/wuwenxuan03/UNO/.venv-uno/lib/python3.12/site-packages/torch/nn/modules/module.py", line 1174, in to
[rank7]:     return self._apply(convert)
[rank7]:            ^^^^^^^^^^^^^^^^^^^^
[rank7]:   File "/home/wuwenxuan03/UNO/.venv-uno/lib/python3.12/site-packages/torch/nn/modules/module.py", line 780, in _apply
[rank7]:     module._apply(fn)
[rank7]:   File "/home/wuwenxuan03/UNO/.venv-uno/lib/python3.12/site-packages/torch/nn/modules/module.py", line 780, in _apply
[rank7]:     module._apply(fn)
[rank7]:   File "/home/wuwenxuan03/UNO/.venv-uno/lib/python3.12/site-packages/torch/nn/modules/module.py", line 780, in _apply
[rank7]:     module._apply(fn)
[rank7]:   [Previous line repeated 1 more time]
[rank7]:   File "/home/wuwenxuan03/UNO/.venv-uno/lib/python3.12/site-packages/torch/nn/modules/module.py", line 805, in _apply
[rank7]:     param_applied = fn(param)
[rank7]:                     ^^^^^^^^^
[rank7]:   File "/home/wuwenxuan03/UNO/.venv-uno/lib/python3.12/site-packages/torch/nn/modules/module.py", line 1160, in convert
[rank7]:     return t.to(
[rank7]:            ^^^^^
[rank7]: torch.OutOfMemoryError: CUDA out of memory. Tried to allocate 72.00 MiB. GPU 7 has a total capacity of 23.65 GiB of which 20.06 MiB is free. Process 89564 has 23.62 GiB memory in use. Of the allocated memory 23.16 GiB is allocated by PyTorch, and 22.88 MiB is reserved by PyTorch but unallocated. If reserved but unallocated memory is large try setting PYTORCH_CUDA_ALLOC_CONF=expandable_segments:True to avoid fragmentation.  See documentation for Memory Management  (https://pytorch.org/docs/stable/notes/cuda.html#environment-variables)
[rank2]: Traceback (most recent call last):
[rank2]:   File "/home/wuwenxuan03/UNO/train.py", line 515, in <module>
[rank2]:     main(*args_tuple)
[rank2]:   File "/home/wuwenxuan03/UNO/train.py", line 350, in main
[rank2]:     dit, optimizer, lr_scheduler = accelerator.prepare(dit, optimizer, lr_scheduler) 
[rank2]:                                    ^^^^^^^^^^^^^^^^^^^^^^^^^^^^^^^^^^^^^^^^^^^^^^^^^
[rank2]:   File "/home/wuwenxuan03/UNO/.venv-uno/lib/python3.12/site-packages/accelerate/accelerator.py", line 1323, in prepare
[rank2]:     result = self._prepare_deepspeed(*args)
[rank2]:              ^^^^^^^^^^^^^^^^^^^^^^^^^^^^^^
[rank2]:   File "/home/wuwenxuan03/UNO/.venv-uno/lib/python3.12/site-packages/accelerate/accelerator.py", line 1842, in _prepare_deepspeed
[rank2]:     engine, optimizer, _, lr_scheduler = ds_initialize(**kwargs)
[rank2]:                                          ^^^^^^^^^^^^^^^^^^^^^^^
[rank2]:   File "/home/wuwenxuan03/UNO/.venv-uno/lib/python3.12/site-packages/deepspeed/__init__.py", line 181, in initialize
[rank2]:     engine = DeepSpeedEngine(args=args,
[rank2]:              ^^^^^^^^^^^^^^^^^^^^^^^^^^
[rank2]:   File "/home/wuwenxuan03/UNO/.venv-uno/lib/python3.12/site-packages/deepspeed/runtime/engine.py", line 262, in __init__
[rank2]:     self._configure_distributed_model(model)
[rank2]:   File "/home/wuwenxuan03/UNO/.venv-uno/lib/python3.12/site-packages/deepspeed/runtime/engine.py", line 1103, in _configure_distributed_model
[rank2]:     self.module.to(self.device)
[rank2]:   File "/home/wuwenxuan03/UNO/.venv-uno/lib/python3.12/site-packages/torch/nn/modules/module.py", line 1174, in to
[rank2]:     return self._apply(convert)
[rank2]:            ^^^^^^^^^^^^^^^^^^^^
[rank2]:   File "/home/wuwenxuan03/UNO/.venv-uno/lib/python3.12/site-packages/torch/nn/modules/module.py", line 780, in _apply
[rank2]:     module._apply(fn)
[rank2]:   File "/home/wuwenxuan03/UNO/.venv-uno/lib/python3.12/site-packages/torch/nn/modules/module.py", line 780, in _apply
[rank2]:     module._apply(fn)
[rank2]:   File "/home/wuwenxuan03/UNO/.venv-uno/lib/python3.12/site-packages/torch/nn/modules/module.py", line 780, in _apply
[rank2]:     module._apply(fn)
[rank2]:   [Previous line repeated 1 more time]
[rank2]:   File "/home/wuwenxuan03/UNO/.venv-uno/lib/python3.12/site-packages/torch/nn/modules/module.py", line 805, in _apply
[rank2]:     param_applied = fn(param)
[rank2]:                     ^^^^^^^^^
[rank2]:   File "/home/wuwenxuan03/UNO/.venv-uno/lib/python3.12/site-packages/torch/nn/modules/module.py", line 1160, in convert
[rank2]:     return t.to(
[rank2]:            ^^^^^
[rank2]: torch.OutOfMemoryError: CUDA out of memory. Tried to allocate 72.00 MiB. GPU 2 has a total capacity of 23.65 GiB of which 20.06 MiB is free. Process 89559 has 23.62 GiB memory in use. Of the allocated memory 23.16 GiB is allocated by PyTorch, and 22.88 MiB is reserved by PyTorch but unallocated. If reserved but unallocated memory is large try setting PYTORCH_CUDA_ALLOC_CONF=expandable_segments:True to avoid fragmentation.  See documentation for Memory Management  (https://pytorch.org/docs/stable/notes/cuda.html#environment-variables)
[rank1]: Traceback (most recent call last):
[rank1]:   File "/home/wuwenxuan03/UNO/train.py", line 515, in <module>
[rank1]:     main(*args_tuple)
[rank1]:   File "/home/wuwenxuan03/UNO/train.py", line 350, in main
[rank1]:     dit, optimizer, lr_scheduler = accelerator.prepare(dit, optimizer, lr_scheduler) 
[rank1]:                                    ^^^^^^^^^^^^^^^^^^^^^^^^^^^^^^^^^^^^^^^^^^^^^^^^^
[rank1]:   File "/home/wuwenxuan03/UNO/.venv-uno/lib/python3.12/site-packages/accelerate/accelerator.py", line 1323, in prepare
[rank1]:     result = self._prepare_deepspeed(*args)
[rank1]:              ^^^^^^^^^^^^^^^^^^^^^^^^^^^^^^
[rank1]:   File "/home/wuwenxuan03/UNO/.venv-uno/lib/python3.12/site-packages/accelerate/accelerator.py", line 1842, in _prepare_deepspeed
[rank1]:     engine, optimizer, _, lr_scheduler = ds_initialize(**kwargs)
[rank1]:                                          ^^^^^^^^^^^^^^^^^^^^^^^
[rank1]:   File "/home/wuwenxuan03/UNO/.venv-uno/lib/python3.12/site-packages/deepspeed/__init__.py", line 181, in initialize
[rank1]:     engine = DeepSpeedEngine(args=args,
[rank1]:              ^^^^^^^^^^^^^^^^^^^^^^^^^^
[rank1]:   File "/home/wuwenxuan03/UNO/.venv-uno/lib/python3.12/site-packages/deepspeed/runtime/engine.py", line 262, in __init__
[rank1]:     self._configure_distributed_model(model)
[rank1]:   File "/home/wuwenxuan03/UNO/.venv-uno/lib/python3.12/site-packages/deepspeed/runtime/engine.py", line 1103, in _configure_distributed_model
[rank1]:     self.module.to(self.device)
[rank1]:   File "/home/wuwenxuan03/UNO/.venv-uno/lib/python3.12/site-packages/torch/nn/modules/module.py", line 1174, in to
[rank1]:     return self._apply(convert)
[rank1]:            ^^^^^^^^^^^^^^^^^^^^
[rank1]:   File "/home/wuwenxuan03/UNO/.venv-uno/lib/python3.12/site-packages/torch/nn/modules/module.py", line 780, in _apply
[rank1]:     module._apply(fn)
[rank1]:   File "/home/wuwenxuan03/UNO/.venv-uno/lib/python3.12/site-packages/torch/nn/modules/module.py", line 780, in _apply
[rank1]:     module._apply(fn)
[rank1]:   File "/home/wuwenxuan03/UNO/.venv-uno/lib/python3.12/site-packages/torch/nn/modules/module.py", line 780, in _apply
[rank1]:     module._apply(fn)
[rank1]:   [Previous line repeated 1 more time]
[rank1]:   File "/home/wuwenxuan03/UNO/.venv-uno/lib/python3.12/site-packages/torch/nn/modules/module.py", line 805, in _apply
[rank1]:     param_applied = fn(param)
[rank1]:                     ^^^^^^^^^
[rank1]:   File "/home/wuwenxuan03/UNO/.venv-uno/lib/python3.12/site-packages/torch/nn/modules/module.py", line 1160, in convert
[rank1]:     return t.to(
[rank1]:            ^^^^^
[rank1]: torch.OutOfMemoryError: CUDA out of memory. Tried to allocate 72.00 MiB. GPU 1 has a total capacity of 23.65 GiB of which 20.06 MiB is free. Process 89558 has 23.62 GiB memory in use. Of the allocated memory 23.16 GiB is allocated by PyTorch, and 22.88 MiB is reserved by PyTorch but unallocated. If reserved but unallocated memory is large try setting PYTORCH_CUDA_ALLOC_CONF=expandable_segments:True to avoid fragmentation.  See documentation for Memory Management  (https://pytorch.org/docs/stable/notes/cuda.html#environment-variables)
[rank3]: Traceback (most recent call last):
[rank3]:   File "/home/wuwenxuan03/UNO/train.py", line 515, in <module>
[rank3]:     main(*args_tuple)
[rank3]:   File "/home/wuwenxuan03/UNO/train.py", line 350, in main
[rank3]:     dit, optimizer, lr_scheduler = accelerator.prepare(dit, optimizer, lr_scheduler) 
[rank3]:                                    ^^^^^^^^^^^^^^^^^^^^^^^^^^^^^^^^^^^^^^^^^^^^^^^^^
[rank3]:   File "/home/wuwenxuan03/UNO/.venv-uno/lib/python3.12/site-packages/accelerate/accelerator.py", line 1323, in prepare
[rank3]:     result = self._prepare_deepspeed(*args)
[rank3]:              ^^^^^^^^^^^^^^^^^^^^^^^^^^^^^^
[rank3]:   File "/home/wuwenxuan03/UNO/.venv-uno/lib/python3.12/site-packages/accelerate/accelerator.py", line 1842, in _prepare_deepspeed
[rank3]:     engine, optimizer, _, lr_scheduler = ds_initialize(**kwargs)
[rank3]:                                          ^^^^^^^^^^^^^^^^^^^^^^^
[rank3]:   File "/home/wuwenxuan03/UNO/.venv-uno/lib/python3.12/site-packages/deepspeed/__init__.py", line 181, in initialize
[rank3]:     engine = DeepSpeedEngine(args=args,
[rank3]:              ^^^^^^^^^^^^^^^^^^^^^^^^^^
[rank3]:   File "/home/wuwenxuan03/UNO/.venv-uno/lib/python3.12/site-packages/deepspeed/runtime/engine.py", line 262, in __init__
[rank3]:     self._configure_distributed_model(model)
[rank3]:   File "/home/wuwenxuan03/UNO/.venv-uno/lib/python3.12/site-packages/deepspeed/runtime/engine.py", line 1103, in _configure_distributed_model
[rank3]:     self.module.to(self.device)
[rank3]:   File "/home/wuwenxuan03/UNO/.venv-uno/lib/python3.12/site-packages/torch/nn/modules/module.py", line 1174, in to
[rank3]:     return self._apply(convert)
[rank3]:            ^^^^^^^^^^^^^^^^^^^^
[rank3]:   File "/home/wuwenxuan03/UNO/.venv-uno/lib/python3.12/site-packages/torch/nn/modules/module.py", line 780, in _apply
[rank3]:     module._apply(fn)
[rank3]:   File "/home/wuwenxuan03/UNO/.venv-uno/lib/python3.12/site-packages/torch/nn/modules/module.py", line 780, in _apply
[rank3]:     module._apply(fn)
[rank3]:   File "/home/wuwenxuan03/UNO/.venv-uno/lib/python3.12/site-packages/torch/nn/modules/module.py", line 780, in _apply
[rank3]:     module._apply(fn)
[rank3]:   [Previous line repeated 1 more time]
[rank3]:   File "/home/wuwenxuan03/UNO/.venv-uno/lib/python3.12/site-packages/torch/nn/modules/module.py", line 805, in _apply
[rank3]:     param_applied = fn(param)
[rank3]:                     ^^^^^^^^^
[rank3]:   File "/home/wuwenxuan03/UNO/.venv-uno/lib/python3.12/site-packages/torch/nn/modules/module.py", line 1160, in convert
[rank3]:     return t.to(
[rank3]:            ^^^^^
[rank3]: torch.OutOfMemoryError: CUDA out of memory. Tried to allocate 72.00 MiB. GPU 3 has a total capacity of 23.65 GiB of which 20.06 MiB is free. Process 89560 has 23.62 GiB memory in use. Of the allocated memory 23.16 GiB is allocated by PyTorch, and 22.88 MiB is reserved by PyTorch but unallocated. If reserved but unallocated memory is large try setting PYTORCH_CUDA_ALLOC_CONF=expandable_segments:True to avoid fragmentation.  See documentation for Memory Management  (https://pytorch.org/docs/stable/notes/cuda.html#environment-variables)
W0720 14:18:10.092000 140012348114752 torch/distributed/elastic/multiprocessing/api.py:858] Sending process 93732 closing signal SIGTERM
W0720 14:18:10.092000 140012348114752 torch/distributed/elastic/multiprocessing/api.py:858] Sending process 93733 closing signal SIGTERM
W0720 14:18:10.092000 140012348114752 torch/distributed/elastic/multiprocessing/api.py:858] Sending process 93734 closing signal SIGTERM
W0720 14:18:10.092000 140012348114752 torch/distributed/elastic/multiprocessing/api.py:858] Sending process 93735 closing signal SIGTERM
W0720 14:18:10.092000 140012348114752 torch/distributed/elastic/multiprocessing/api.py:858] Sending process 93737 closing signal SIGTERM
W0720 14:18:10.092000 140012348114752 torch/distributed/elastic/multiprocessing/api.py:858] Sending process 93739 closing signal SIGTERM
E0720 14:18:11.034000 140012348114752 torch/distributed/elastic/multiprocessing/api.py:833] failed (exitcode: 1) local_rank: 4 (pid: 93736) of binary: /home/wuwenxuan03/UNO/.venv-uno/bin/python3.12
Traceback (most recent call last):
  File "/home/wuwenxuan03/UNO/.venv-uno/bin/accelerate", line 6, in <module>
    sys.exit(main())
             ^^^^^^
  File "/home/wuwenxuan03/UNO/.venv-uno/lib/python3.12/site-packages/accelerate/commands/accelerate_cli.py", line 48, in main
    args.func(args)
  File "/home/wuwenxuan03/UNO/.venv-uno/lib/python3.12/site-packages/accelerate/commands/launch.py", line 1159, in launch_command
    multi_gpu_launcher(args)
  File "/home/wuwenxuan03/UNO/.venv-uno/lib/python3.12/site-packages/accelerate/commands/launch.py", line 793, in multi_gpu_launcher
    distrib_run.run(args)
  File "/home/wuwenxuan03/UNO/.venv-uno/lib/python3.12/site-packages/torch/distributed/run.py", line 892, in run
    elastic_launch(
  File "/home/wuwenxuan03/UNO/.venv-uno/lib/python3.12/site-packages/torch/distributed/launcher/api.py", line 133, in __call__
    return launch_agent(self._config, self._entrypoint, list(args))
           ^^^^^^^^^^^^^^^^^^^^^^^^^^^^^^^^^^^^^^^^^^^^^^^^^^^^^^^^
  File "/home/wuwenxuan03/UNO/.venv-uno/lib/python3.12/site-packages/torch/distributed/launcher/api.py", line 264, in launch_agent
    raise ChildFailedError(
torch.distributed.elastic.multiprocessing.errors.ChildFailedError: 
============================================================
train.py FAILED
------------------------------------------------------------
Failures:
[1]:
  time      : 2026-07-20_14:18:10
  host      : aiplatform-bjy-ge47-391.idchb1az2.hb1.kwaidc.com
  rank      : 6 (local_rank: 6)
  exitcode  : 1 (pid: 93738)
  error_file: <N/A>
  traceback : To enable traceback see: https://pytorch.org/docs/stable/elastic/errors.html
------------------------------------------------------------
Root Cause (first observed failure):
[0]:
  time      : 2026-07-20_14:18:10
  host      : aiplatform-bjy-ge47-391.idchb1az2.hb1.kwaidc.com
  rank      : 4 (local_rank: 4)
  exitcode  : 1 (pid: 93736)
  error_file: <N/A>
  traceback : To enable traceback see: https://pytorch.org/docs/stable/elastic/errors.html
============================================================